2019-09-28 00:14:50.370  INFO 6940 --- [main] com.lily.blog.BlogApplicationTests       : Starting BlogApplicationTests on DESKTOP-4426Q0S with PID 6940 (started by Lily in C:\Users\Lily\Downloads\MyBlog-master)
2019-09-28 00:14:50.375  INFO 6940 --- [main] com.lily.blog.BlogApplicationTests       : The following profiles are active: pro
2019-09-28 00:14:58.144  WARN 6940 --- [main] aWebConfiguration$JpaWebMvcConfiguration : spring.jpa.open-in-view is enabled by default. Therefore, database queries may be performed during view rendering. Explicitly configure spring.jpa.open-in-view to disable this warning
2019-09-28 00:14:58.372  WARN 6940 --- [main] org.thymeleaf.templatemode.TemplateMode  : [THYMELEAF][main] Unknown Template Mode 'LEGANCYHTML5'. Must be one of: 'HTML', 'XML', 'TEXT', 'JAVASCRIPT', 'CSS', 'RAW'. Using default Template Mode 'HTML'.
2019-09-28 00:14:58.943  INFO 6940 --- [main] com.lily.blog.BlogApplicationTests       : Started BlogApplicationTests in 9.103 seconds (JVM running for 10.177)
2019-09-28 00:40:12.586  INFO 2772 --- [main] com.lily.blog.BlogApplicationTests       : Starting BlogApplicationTests on DESKTOP-4426Q0S with PID 2772 (started by Lily in C:\Users\Lily\Downloads\MyBlog-master)
2019-09-28 00:40:12.587  INFO 2772 --- [main] com.lily.blog.BlogApplicationTests       : The following profiles are active: pro
2019-09-28 00:40:23.793  WARN 2772 --- [main] aWebConfiguration$JpaWebMvcConfiguration : spring.jpa.open-in-view is enabled by default. Therefore, database queries may be performed during view rendering. Explicitly configure spring.jpa.open-in-view to disable this warning
2019-09-28 00:40:24.110  WARN 2772 --- [main] org.thymeleaf.templatemode.TemplateMode  : [THYMELEAF][main] Unknown Template Mode 'LEGANCYHTML5'. Must be one of: 'HTML', 'XML', 'TEXT', 'JAVASCRIPT', 'CSS', 'RAW'. Using default Template Mode 'HTML'.
2019-09-28 00:40:24.994  INFO 2772 --- [main] com.lily.blog.BlogApplicationTests       : Started BlogApplicationTests in 13.472 seconds (JVM running for 14.909)
2019-09-28 09:00:11.124  INFO 544 --- [main] com.lily.blog.BlogApplicationTests       : Starting BlogApplicationTests on DESKTOP-4426Q0S with PID 544 (started by Lily in C:\Users\Lily\Downloads\MyBlog-master)
2019-09-28 09:00:11.125  INFO 544 --- [main] com.lily.blog.BlogApplicationTests       : The following profiles are active: pro
2019-09-28 09:00:19.254  WARN 544 --- [main] aWebConfiguration$JpaWebMvcConfiguration : spring.jpa.open-in-view is enabled by default. Therefore, database queries may be performed during view rendering. Explicitly configure spring.jpa.open-in-view to disable this warning
2019-09-28 09:00:19.526  WARN 544 --- [main] org.thymeleaf.templatemode.TemplateMode  : [THYMELEAF][main] Unknown Template Mode 'LEGANCYHTML5'. Must be one of: 'HTML', 'XML', 'TEXT', 'JAVASCRIPT', 'CSS', 'RAW'. Using default Template Mode 'HTML'.
2019-09-28 09:00:20.041  INFO 544 --- [main] com.lily.blog.BlogApplicationTests       : Started BlogApplicationTests in 9.429 seconds (JVM running for 10.908)
2019-09-28 09:13:21.705  INFO 13272 --- [main] com.lily.blog.BlogApplicationTests       : Starting BlogApplicationTests on DESKTOP-4426Q0S with PID 13272 (started by Lily in C:\Users\Lily\Downloads\MyBlog-master)
2019-09-28 09:13:21.706  INFO 13272 --- [main] com.lily.blog.BlogApplicationTests       : The following profiles are active: pro
2019-09-28 09:13:31.411  WARN 13272 --- [main] aWebConfiguration$JpaWebMvcConfiguration : spring.jpa.open-in-view is enabled by default. Therefore, database queries may be performed during view rendering. Explicitly configure spring.jpa.open-in-view to disable this warning
2019-09-28 09:13:31.766  WARN 13272 --- [main] org.thymeleaf.templatemode.TemplateMode  : [THYMELEAF][main] Unknown Template Mode 'LEGANCYHTML5'. Must be one of: 'HTML', 'XML', 'TEXT', 'JAVASCRIPT', 'CSS', 'RAW'. Using default Template Mode 'HTML'.
2019-09-28 09:13:32.460  INFO 13272 --- [main] com.lily.blog.BlogApplicationTests       : Started BlogApplicationTests in 11.395 seconds (JVM running for 12.626)
2019-09-28 10:24:55.149  INFO 9536 --- [restartedMain] com.lily.blog.BlogApplication            : Starting BlogApplication on DESKTOP-4426Q0S with PID 9536 (started by Lily in F:\é¡¹ç›®å®žæˆ˜\MyBlog-master)
2019-09-28 10:24:55.152  INFO 9536 --- [restartedMain] com.lily.blog.BlogApplication            : The following profiles are active: pro
2019-09-28 10:25:03.962  WARN 9536 --- [restartedMain] aWebConfiguration$JpaWebMvcConfiguration : spring.jpa.open-in-view is enabled by default. Therefore, database queries may be performed during view rendering. Explicitly configure spring.jpa.open-in-view to disable this warning
2019-09-28 10:25:04.179  WARN 9536 --- [restartedMain] org.thymeleaf.templatemode.TemplateMode  : [THYMELEAF][restartedMain] Unknown Template Mode 'LEGANCYHTML5'. Must be one of: 'HTML', 'XML', 'TEXT', 'JAVASCRIPT', 'CSS', 'RAW'. Using default Template Mode 'HTML'.
2019-09-28 10:25:04.587  INFO 9536 --- [restartedMain] com.lily.blog.BlogApplication            : Started BlogApplication in 9.807 seconds (JVM running for 10.904)
2019-09-28 10:25:32.833  INFO 9536 --- [http-nio-8080-exec-1] com.lily.blog.aspect.LogAspect           : Request : {url='http://localhost:8080/', ip='0:0:0:0:0:0:0:1', classMethod='com.lily.blog.web.IndexController.index', args=[Page request [number: 0, size 8, sort: createTime: DESC], {}]}
2019-09-28 10:25:35.783  WARN 9536 --- [http-nio-8080-exec-1] org.hibernate.orm.deprecation            : HHH90000016: Found use of deprecated 'collection property' syntax in HQL/JPQL query [t.blogs.size]; use collection function syntax instead [size(t.blogs)].
2019-09-28 10:25:36.048  WARN 9536 --- [http-nio-8080-exec-1] org.hibernate.orm.deprecation            : HHH90000016: Found use of deprecated 'collection property' syntax in HQL/JPQL query [t.blogs.size]; use collection function syntax instead [size(t.blogs)].
2019-09-28 10:25:36.585  INFO 9536 --- [http-nio-8080-exec-1] com.lily.blog.aspect.LogAspect           : Result : index
2019-09-28 10:25:42.413  INFO 9536 --- [http-nio-8080-exec-7] com.lily.blog.aspect.LogAspect           : Request : {url='http://localhost:8080/footer/newblog', ip='0:0:0:0:0:0:0:1', classMethod='com.lily.blog.web.IndexController.newblogs', args=[{}]}
2019-09-28 10:25:43.606  INFO 9536 --- [http-nio-8080-exec-7] com.lily.blog.aspect.LogAspect           : Result : _fragments :: newblogList
2019-09-28 11:02:30.138  INFO 9536 --- [http-nio-8080-exec-5] com.lily.blog.aspect.LogAspect           : Request : {url='http://localhost:8080/', ip='0:0:0:0:0:0:0:1', classMethod='com.lily.blog.web.IndexController.index', args=[Page request [number: 0, size 8, sort: createTime: DESC], {}]}
2019-09-28 11:02:31.819  INFO 9536 --- [http-nio-8080-exec-5] com.lily.blog.aspect.LogAspect           : Result : index
2019-09-28 11:02:33.183  INFO 9536 --- [http-nio-8080-exec-4] com.lily.blog.aspect.LogAspect           : Request : {url='http://localhost:8080/footer/newblog', ip='0:0:0:0:0:0:0:1', classMethod='com.lily.blog.web.IndexController.newblogs', args=[{}]}
2019-09-28 11:02:33.360  INFO 9536 --- [http-nio-8080-exec-4] com.lily.blog.aspect.LogAspect           : Result : _fragments :: newblogList
2019-09-28 11:52:21.981  INFO 9536 --- [http-nio-8080-exec-9] com.lily.blog.aspect.LogAspect           : Request : {url='http://localhost:8080/', ip='0:0:0:0:0:0:0:1', classMethod='com.lily.blog.web.IndexController.index', args=[Page request [number: 0, size 8, sort: createTime: DESC], {}]}
2019-09-28 11:52:23.753  INFO 9536 --- [http-nio-8080-exec-9] com.lily.blog.aspect.LogAspect           : Result : index
2019-09-28 11:52:25.506  INFO 9536 --- [http-nio-8080-exec-2] com.lily.blog.aspect.LogAspect           : Request : {url='http://localhost:8080/footer/newblog', ip='0:0:0:0:0:0:0:1', classMethod='com.lily.blog.web.IndexController.newblogs', args=[{}]}
2019-09-28 11:52:25.815  INFO 9536 --- [http-nio-8080-exec-2] com.lily.blog.aspect.LogAspect           : Result : _fragments :: newblogList
2019-09-28 11:52:33.079  INFO 9536 --- [http-nio-8080-exec-6] com.lily.blog.aspect.LogAspect           : Request : {url='http://localhost:8080/blog/73', ip='0:0:0:0:0:0:0:1', classMethod='com.lily.blog.web.IndexController.blog', args=[73, {}]}
2019-09-28 11:52:33.950  INFO 9536 --- [http-nio-8080-exec-6] com.lily.blog.aspect.LogAspect           : Result : blog
2019-09-28 11:52:34.628  INFO 9536 --- [http-nio-8080-exec-10] com.lily.blog.aspect.LogAspect           : Request : {url='http://localhost:8080/footer/newblog', ip='0:0:0:0:0:0:0:1', classMethod='com.lily.blog.web.IndexController.newblogs', args=[{}]}
2019-09-28 11:52:34.860  INFO 9536 --- [http-nio-8080-exec-10] com.lily.blog.aspect.LogAspect           : Result : _fragments :: newblogList
2019-09-28 11:52:59.792  INFO 9536 --- [http-nio-8080-exec-6] com.lily.blog.aspect.LogAspect           : Request : {url='http://localhost:8080/blog/73', ip='0:0:0:0:0:0:0:1', classMethod='com.lily.blog.web.IndexController.blog', args=[73, {}]}
2019-09-28 11:52:59.931  INFO 9536 --- [http-nio-8080-exec-8] com.lily.blog.aspect.LogAspect           : Request : {url='http://localhost:8080/blog/73', ip='0:0:0:0:0:0:0:1', classMethod='com.lily.blog.web.IndexController.blog', args=[73, {}]}
2019-09-28 11:53:00.015  INFO 9536 --- [http-nio-8080-exec-6] com.lily.blog.aspect.LogAspect           : Result : blog
2019-09-28 11:53:00.106  INFO 9536 --- [http-nio-8080-exec-3] com.lily.blog.aspect.LogAspect           : Request : {url='http://localhost:8080/blog/73', ip='0:0:0:0:0:0:0:1', classMethod='com.lily.blog.web.IndexController.blog', args=[73, {}]}
2019-09-28 11:53:00.281  INFO 9536 --- [http-nio-8080-exec-9] com.lily.blog.aspect.LogAspect           : Request : {url='http://localhost:8080/blog/73', ip='0:0:0:0:0:0:0:1', classMethod='com.lily.blog.web.IndexController.blog', args=[73, {}]}
2019-09-28 11:53:00.400  INFO 9536 --- [http-nio-8080-exec-8] com.lily.blog.aspect.LogAspect           : Result : blog
2019-09-28 11:53:00.485  INFO 9536 --- [http-nio-8080-exec-5] com.lily.blog.aspect.LogAspect           : Request : {url='http://localhost:8080/blog/73', ip='0:0:0:0:0:0:0:1', classMethod='com.lily.blog.web.IndexController.blog', args=[73, {}]}
2019-09-28 11:53:00.660  INFO 9536 --- [http-nio-8080-exec-1] com.lily.blog.aspect.LogAspect           : Request : {url='http://localhost:8080/blog/73', ip='0:0:0:0:0:0:0:1', classMethod='com.lily.blog.web.IndexController.blog', args=[73, {}]}
2019-09-28 11:53:00.688  INFO 9536 --- [http-nio-8080-exec-9] com.lily.blog.aspect.LogAspect           : Result : blog
2019-09-28 11:53:00.706  INFO 9536 --- [http-nio-8080-exec-3] com.lily.blog.aspect.LogAspect           : Result : blog
2019-09-28 11:53:00.840  INFO 9536 --- [http-nio-8080-exec-2] com.lily.blog.aspect.LogAspect           : Request : {url='http://localhost:8080/blog/73', ip='0:0:0:0:0:0:0:1', classMethod='com.lily.blog.web.IndexController.blog', args=[73, {}]}
2019-09-28 11:53:00.967  INFO 9536 --- [http-nio-8080-exec-5] com.lily.blog.aspect.LogAspect           : Result : blog
2019-09-28 11:53:01.005  INFO 9536 --- [http-nio-8080-exec-1] com.lily.blog.aspect.LogAspect           : Result : blog
2019-09-28 11:53:01.133  INFO 9536 --- [http-nio-8080-exec-2] com.lily.blog.aspect.LogAspect           : Result : blog
2019-09-28 11:53:01.601  INFO 9536 --- [http-nio-8080-exec-8] com.lily.blog.aspect.LogAspect           : Request : {url='http://localhost:8080/footer/newblog', ip='0:0:0:0:0:0:0:1', classMethod='com.lily.blog.web.IndexController.newblogs', args=[{}]}
2019-09-28 11:53:01.810  INFO 9536 --- [http-nio-8080-exec-8] com.lily.blog.aspect.LogAspect           : Result : _fragments :: newblogList
2019-09-28 11:54:35.070  INFO 10352 --- [restartedMain] com.lily.blog.BlogApplication            : Starting BlogApplication on DESKTOP-4426Q0S with PID 10352 (started by Lily in F:\é¡¹ç›®å®žæˆ˜\MyBlog-master)
2019-09-28 11:54:35.073  INFO 10352 --- [restartedMain] com.lily.blog.BlogApplication            : The following profiles are active: pro
2019-09-28 11:54:44.593  WARN 10352 --- [restartedMain] aWebConfiguration$JpaWebMvcConfiguration : spring.jpa.open-in-view is enabled by default. Therefore, database queries may be performed during view rendering. Explicitly configure spring.jpa.open-in-view to disable this warning
2019-09-28 11:54:44.730  WARN 10352 --- [restartedMain] org.thymeleaf.templatemode.TemplateMode  : [THYMELEAF][restartedMain] Unknown Template Mode 'LEGANCYHTML5'. Must be one of: 'HTML', 'XML', 'TEXT', 'JAVASCRIPT', 'CSS', 'RAW'. Using default Template Mode 'HTML'.
2019-09-28 11:54:45.195  INFO 10352 --- [restartedMain] com.lily.blog.BlogApplication            : Started BlogApplication in 10.97 seconds (JVM running for 12.968)
2019-09-28 11:54:49.478  INFO 10352 --- [http-nio-8080-exec-1] com.lily.blog.aspect.LogAspect           : Request : {url='http://localhost:8080/blog/73', ip='0:0:0:0:0:0:0:1', classMethod='com.lily.blog.web.IndexController.blog', args=[73, {}]}
2019-09-28 11:54:50.030  INFO 10352 --- [http-nio-8080-exec-1] com.lily.blog.aspect.LogAspect           : Result : blog
2019-09-28 11:54:52.906  INFO 10352 --- [http-nio-8080-exec-8] com.lily.blog.aspect.LogAspect           : Request : {url='http://localhost:8080/footer/newblog', ip='0:0:0:0:0:0:0:1', classMethod='com.lily.blog.web.IndexController.newblogs', args=[{}]}
2019-09-28 11:54:53.154  INFO 10352 --- [http-nio-8080-exec-8] com.lily.blog.aspect.LogAspect           : Result : _fragments :: newblogList
2019-09-28 11:54:56.547  INFO 10352 --- [http-nio-8080-exec-4] com.lily.blog.aspect.LogAspect           : Request : {url='http://localhost:8080/blog/73', ip='0:0:0:0:0:0:0:1', classMethod='com.lily.blog.web.IndexController.blog', args=[73, {}]}
2019-09-28 11:54:56.818  INFO 10352 --- [http-nio-8080-exec-4] com.lily.blog.aspect.LogAspect           : Result : blog
2019-09-28 11:54:57.252  INFO 10352 --- [http-nio-8080-exec-6] com.lily.blog.aspect.LogAspect           : Request : {url='http://localhost:8080/footer/newblog', ip='0:0:0:0:0:0:0:1', classMethod='com.lily.blog.web.IndexController.newblogs', args=[{}]}
2019-09-28 11:54:57.472  INFO 10352 --- [http-nio-8080-exec-6] com.lily.blog.aspect.LogAspect           : Result : _fragments :: newblogList
2019-09-28 11:55:13.615  INFO 10352 --- [http-nio-8080-exec-7] com.lily.blog.aspect.LogAspect           : Request : {url='http://localhost:8080/blog/73', ip='0:0:0:0:0:0:0:1', classMethod='com.lily.blog.web.IndexController.blog', args=[73, {}]}
2019-09-28 11:55:13.972  INFO 10352 --- [http-nio-8080-exec-7] com.lily.blog.aspect.LogAspect           : Result : blog
2019-09-28 11:55:14.398  INFO 10352 --- [http-nio-8080-exec-1] com.lily.blog.aspect.LogAspect           : Request : {url='http://localhost:8080/footer/newblog', ip='0:0:0:0:0:0:0:1', classMethod='com.lily.blog.web.IndexController.newblogs', args=[{}]}
2019-09-28 11:55:14.612  INFO 10352 --- [http-nio-8080-exec-1] com.lily.blog.aspect.LogAspect           : Result : _fragments :: newblogList
2019-09-28 11:55:15.543  INFO 10352 --- [http-nio-8080-exec-7] com.lily.blog.aspect.LogAspect           : Request : {url='http://localhost:8080/blog/73', ip='0:0:0:0:0:0:0:1', classMethod='com.lily.blog.web.IndexController.blog', args=[73, {}]}
2019-09-28 11:55:15.805  INFO 10352 --- [http-nio-8080-exec-7] com.lily.blog.aspect.LogAspect           : Result : blog
2019-09-28 11:55:16.208  INFO 10352 --- [http-nio-8080-exec-9] com.lily.blog.aspect.LogAspect           : Request : {url='http://localhost:8080/footer/newblog', ip='0:0:0:0:0:0:0:1', classMethod='com.lily.blog.web.IndexController.newblogs', args=[{}]}
2019-09-28 11:55:16.418  INFO 10352 --- [http-nio-8080-exec-9] com.lily.blog.aspect.LogAspect           : Result : _fragments :: newblogList
2019-09-28 11:55:17.819  INFO 10352 --- [http-nio-8080-exec-4] com.lily.blog.aspect.LogAspect           : Request : {url='http://localhost:8080/blog/73', ip='0:0:0:0:0:0:0:1', classMethod='com.lily.blog.web.IndexController.blog', args=[73, {}]}
2019-09-28 11:55:18.077  INFO 10352 --- [http-nio-8080-exec-4] com.lily.blog.aspect.LogAspect           : Result : blog
2019-09-28 11:55:18.512  INFO 10352 --- [http-nio-8080-exec-5] com.lily.blog.aspect.LogAspect           : Request : {url='http://localhost:8080/footer/newblog', ip='0:0:0:0:0:0:0:1', classMethod='com.lily.blog.web.IndexController.newblogs', args=[{}]}
2019-09-28 11:55:18.730  INFO 10352 --- [http-nio-8080-exec-5] com.lily.blog.aspect.LogAspect           : Result : _fragments :: newblogList
2019-09-28 11:55:18.762  INFO 10352 --- [http-nio-8080-exec-4] com.lily.blog.aspect.LogAspect           : Request : {url='http://localhost:8080/blog/73', ip='0:0:0:0:0:0:0:1', classMethod='com.lily.blog.web.IndexController.blog', args=[73, {}]}
2019-09-28 11:55:18.952  INFO 10352 --- [http-nio-8080-exec-6] com.lily.blog.aspect.LogAspect           : Request : {url='http://localhost:8080/blog/73', ip='0:0:0:0:0:0:0:1', classMethod='com.lily.blog.web.IndexController.blog', args=[73, {}]}
2019-09-28 11:55:19.014  INFO 10352 --- [http-nio-8080-exec-4] com.lily.blog.aspect.LogAspect           : Result : blog
2019-09-28 11:55:19.130  INFO 10352 --- [http-nio-8080-exec-8] com.lily.blog.aspect.LogAspect           : Request : {url='http://localhost:8080/blog/73', ip='0:0:0:0:0:0:0:1', classMethod='com.lily.blog.web.IndexController.blog', args=[73, {}]}
2019-09-28 11:55:19.305  INFO 10352 --- [http-nio-8080-exec-2] com.lily.blog.aspect.LogAspect           : Request : {url='http://localhost:8080/blog/73', ip='0:0:0:0:0:0:0:1', classMethod='com.lily.blog.web.IndexController.blog', args=[73, {}]}
2019-09-28 11:55:19.356  INFO 10352 --- [http-nio-8080-exec-6] com.lily.blog.aspect.LogAspect           : Result : blog
2019-09-28 11:55:19.457  INFO 10352 --- [http-nio-8080-exec-3] com.lily.blog.aspect.LogAspect           : Request : {url='http://localhost:8080/blog/73', ip='0:0:0:0:0:0:0:1', classMethod='com.lily.blog.web.IndexController.blog', args=[73, {}]}
2019-09-28 11:55:19.647  INFO 10352 --- [http-nio-8080-exec-9] com.lily.blog.aspect.LogAspect           : Request : {url='http://localhost:8080/blog/73', ip='0:0:0:0:0:0:0:1', classMethod='com.lily.blog.web.IndexController.blog', args=[73, {}]}
2019-09-28 11:55:19.667  INFO 10352 --- [http-nio-8080-exec-8] com.lily.blog.aspect.LogAspect           : Result : blog
2019-09-28 11:55:19.762  INFO 10352 --- [http-nio-8080-exec-10] com.lily.blog.aspect.LogAspect           : Request : {url='http://localhost:8080/blog/73', ip='0:0:0:0:0:0:0:1', classMethod='com.lily.blog.web.IndexController.blog', args=[73, {}]}
2019-09-28 11:55:19.971  INFO 10352 --- [http-nio-8080-exec-2] com.lily.blog.aspect.LogAspect           : Result : blog
2019-09-28 11:55:20.304  INFO 10352 --- [http-nio-8080-exec-3] com.lily.blog.aspect.LogAspect           : Result : blog
2019-09-28 11:55:20.608  INFO 10352 --- [http-nio-8080-exec-9] com.lily.blog.aspect.LogAspect           : Result : blog
2019-09-28 11:55:20.922  INFO 10352 --- [http-nio-8080-exec-10] com.lily.blog.aspect.LogAspect           : Result : blog
2019-09-28 11:55:21.305  INFO 10352 --- [http-nio-8080-exec-8] com.lily.blog.aspect.LogAspect           : Request : {url='http://localhost:8080/footer/newblog', ip='0:0:0:0:0:0:0:1', classMethod='com.lily.blog.web.IndexController.newblogs', args=[{}]}
2019-09-28 11:55:21.430  INFO 10352 --- [http-nio-8080-exec-9] com.lily.blog.aspect.LogAspect           : Request : {url='http://localhost:8080/blog/73', ip='0:0:0:0:0:0:0:1', classMethod='com.lily.blog.web.IndexController.blog', args=[73, {}]}
2019-09-28 11:55:21.508  INFO 10352 --- [http-nio-8080-exec-8] com.lily.blog.aspect.LogAspect           : Result : _fragments :: newblogList
2019-09-28 11:55:21.747  INFO 10352 --- [http-nio-8080-exec-9] com.lily.blog.aspect.LogAspect           : Result : blog
2019-09-28 11:55:22.081  INFO 10352 --- [http-nio-8080-exec-4] com.lily.blog.aspect.LogAspect           : Request : {url='http://localhost:8080/footer/newblog', ip='0:0:0:0:0:0:0:1', classMethod='com.lily.blog.web.IndexController.newblogs', args=[{}]}
2019-09-28 11:55:22.307  INFO 10352 --- [http-nio-8080-exec-4] com.lily.blog.aspect.LogAspect           : Result : _fragments :: newblogList
2019-09-28 11:55:35.162  INFO 2552 --- [restartedMain] com.lily.blog.BlogApplication            : Starting BlogApplication on DESKTOP-4426Q0S with PID 2552 (started by Lily in F:\é¡¹ç›®å®žæˆ˜\MyBlog-master)
2019-09-28 11:55:35.165  INFO 2552 --- [restartedMain] com.lily.blog.BlogApplication            : The following profiles are active: pro
2019-09-28 11:55:39.870  WARN 2552 --- [restartedMain] aWebConfiguration$JpaWebMvcConfiguration : spring.jpa.open-in-view is enabled by default. Therefore, database queries may be performed during view rendering. Explicitly configure spring.jpa.open-in-view to disable this warning
2019-09-28 11:55:40.018  WARN 2552 --- [restartedMain] org.thymeleaf.templatemode.TemplateMode  : [THYMELEAF][restartedMain] Unknown Template Mode 'LEGANCYHTML5'. Must be one of: 'HTML', 'XML', 'TEXT', 'JAVASCRIPT', 'CSS', 'RAW'. Using default Template Mode 'HTML'.
2019-09-28 11:55:40.400  INFO 2552 --- [restartedMain] com.lily.blog.BlogApplication            : Started BlogApplication in 5.611 seconds (JVM running for 6.485)
2019-09-28 11:55:50.116  INFO 2552 --- [http-nio-8080-exec-1] com.lily.blog.aspect.LogAspect           : Request : {url='http://localhost:8080/blog/73', ip='0:0:0:0:0:0:0:1', classMethod='com.lily.blog.web.IndexController.blog', args=[73, {}]}
2019-09-28 11:55:50.528  INFO 2552 --- [http-nio-8080-exec-1] com.lily.blog.aspect.LogAspect           : Result : blog
2019-09-28 11:55:51.695  INFO 2552 --- [http-nio-8080-exec-2] com.lily.blog.aspect.LogAspect           : Request : {url='http://localhost:8080/footer/newblog', ip='0:0:0:0:0:0:0:1', classMethod='com.lily.blog.web.IndexController.newblogs', args=[{}]}
2019-09-28 11:55:51.899  INFO 2552 --- [http-nio-8080-exec-2] com.lily.blog.aspect.LogAspect           : Result : _fragments :: newblogList
2019-09-28 11:55:56.193  INFO 2552 --- [http-nio-8080-exec-1] com.lily.blog.aspect.LogAspect           : Request : {url='http://localhost:8080/', ip='0:0:0:0:0:0:0:1', classMethod='com.lily.blog.web.IndexController.index', args=[Page request [number: 0, size 8, sort: createTime: DESC], {}]}
2019-09-28 11:55:56.707  WARN 2552 --- [http-nio-8080-exec-1] org.hibernate.orm.deprecation            : HHH90000016: Found use of deprecated 'collection property' syntax in HQL/JPQL query [t.blogs.size]; use collection function syntax instead [size(t.blogs)].
2019-09-28 11:55:56.775  WARN 2552 --- [http-nio-8080-exec-1] org.hibernate.orm.deprecation            : HHH90000016: Found use of deprecated 'collection property' syntax in HQL/JPQL query [t.blogs.size]; use collection function syntax instead [size(t.blogs)].
2019-09-28 11:55:56.877  INFO 2552 --- [http-nio-8080-exec-1] com.lily.blog.aspect.LogAspect           : Result : index
2019-09-28 11:55:58.090  INFO 2552 --- [http-nio-8080-exec-4] com.lily.blog.aspect.LogAspect           : Request : {url='http://localhost:8080/footer/newblog', ip='0:0:0:0:0:0:0:1', classMethod='com.lily.blog.web.IndexController.newblogs', args=[{}]}
2019-09-28 11:55:58.266  INFO 2552 --- [http-nio-8080-exec-4] com.lily.blog.aspect.LogAspect           : Result : _fragments :: newblogList
2019-09-28 20:09:49.681  INFO 14108 --- [restartedMain] com.lily.blog.BlogApplication            : Starting BlogApplication on DESKTOP-4426Q0S with PID 14108 (started by Lily in F:\é¡¹ç›®å®žæˆ˜\MyBlog-master)
2019-09-28 20:09:49.721  INFO 14108 --- [restartedMain] com.lily.blog.BlogApplication            : The following profiles are active: pro
2019-09-28 20:10:02.334  WARN 14108 --- [restartedMain] aWebConfiguration$JpaWebMvcConfiguration : spring.jpa.open-in-view is enabled by default. Therefore, database queries may be performed during view rendering. Explicitly configure spring.jpa.open-in-view to disable this warning
2019-09-28 20:10:02.530  WARN 14108 --- [restartedMain] org.thymeleaf.templatemode.TemplateMode  : [THYMELEAF][restartedMain] Unknown Template Mode 'LEGANCYHTML5'. Must be one of: 'HTML', 'XML', 'TEXT', 'JAVASCRIPT', 'CSS', 'RAW'. Using default Template Mode 'HTML'.
2019-09-28 20:10:03.278  INFO 14108 --- [restartedMain] com.lily.blog.BlogApplication            : Started BlogApplication in 14.821 seconds (JVM running for 17.313)
2019-09-28 20:10:36.015  INFO 14108 --- [http-nio-8080-exec-1] com.lily.blog.aspect.LogAspect           : Request : {url='http://localhost:8080/', ip='0:0:0:0:0:0:0:1', classMethod='com.lily.blog.web.IndexController.index', args=[Page request [number: 0, size 8, sort: createTime: DESC], {}]}
2019-09-28 20:10:37.181  WARN 14108 --- [http-nio-8080-exec-1] org.hibernate.orm.deprecation            : HHH90000016: Found use of deprecated 'collection property' syntax in HQL/JPQL query [t.blogs.size]; use collection function syntax instead [size(t.blogs)].
2019-09-28 20:10:37.283  WARN 14108 --- [http-nio-8080-exec-1] org.hibernate.orm.deprecation            : HHH90000016: Found use of deprecated 'collection property' syntax in HQL/JPQL query [t.blogs.size]; use collection function syntax instead [size(t.blogs)].
2019-09-28 20:10:37.501  INFO 14108 --- [http-nio-8080-exec-1] com.lily.blog.aspect.LogAspect           : Result : index
2019-09-28 20:10:40.139  INFO 14108 --- [http-nio-8080-exec-7] com.lily.blog.aspect.LogAspect           : Request : {url='http://localhost:8080/footer/newblog', ip='0:0:0:0:0:0:0:1', classMethod='com.lily.blog.web.IndexController.newblogs', args=[{}]}
2019-09-28 20:10:40.493  INFO 14108 --- [http-nio-8080-exec-7] com.lily.blog.aspect.LogAspect           : Result : _fragments :: newblogList
2019-09-28 20:10:43.938  INFO 14108 --- [http-nio-8080-exec-1] com.lily.blog.aspect.LogAspect           : Request : {url='http://localhost:8080/', ip='0:0:0:0:0:0:0:1', classMethod='com.lily.blog.web.IndexController.index', args=[Page request [number: 0, size 8, sort: createTime: DESC], {}]}
2019-09-28 20:10:44.975  INFO 14108 --- [http-nio-8080-exec-1] com.lily.blog.aspect.LogAspect           : Result : index
2019-09-28 20:10:46.470  INFO 14108 --- [http-nio-8080-exec-3] com.lily.blog.aspect.LogAspect           : Request : {url='http://localhost:8080/footer/newblog', ip='0:0:0:0:0:0:0:1', classMethod='com.lily.blog.web.IndexController.newblogs', args=[{}]}
2019-09-28 20:10:46.824  INFO 14108 --- [http-nio-8080-exec-3] com.lily.blog.aspect.LogAspect           : Result : _fragments :: newblogList
2019-09-28 20:14:07.663  INFO 14108 --- [http-nio-8080-exec-2] com.lily.blog.aspect.LogAspect           : Request : {url='http://localhost:8080/', ip='0:0:0:0:0:0:0:1', classMethod='com.lily.blog.web.IndexController.index', args=[Page request [number: 0, size 8, sort: createTime: DESC], {}]}
2019-09-28 20:14:08.798  INFO 14108 --- [http-nio-8080-exec-2] com.lily.blog.aspect.LogAspect           : Result : index
2019-09-28 20:14:10.402  INFO 14108 --- [http-nio-8080-exec-7] com.lily.blog.aspect.LogAspect           : Request : {url='http://localhost:8080/footer/newblog', ip='0:0:0:0:0:0:0:1', classMethod='com.lily.blog.web.IndexController.newblogs', args=[{}]}
2019-09-28 20:14:10.751  INFO 14108 --- [http-nio-8080-exec-7] com.lily.blog.aspect.LogAspect           : Result : _fragments :: newblogList
2019-09-28 20:14:18.704  INFO 14108 --- [http-nio-8080-exec-4] com.lily.blog.aspect.LogAspect           : Request : {url='http://localhost:8080/', ip='0:0:0:0:0:0:0:1', classMethod='com.lily.blog.web.IndexController.index', args=[Page request [number: 0, size 8, sort: createTime: DESC], {}]}
2019-09-28 20:14:19.719  INFO 14108 --- [http-nio-8080-exec-4] com.lily.blog.aspect.LogAspect           : Result : index
2019-09-28 20:14:21.172  INFO 14108 --- [http-nio-8080-exec-1] com.lily.blog.aspect.LogAspect           : Request : {url='http://localhost:8080/footer/newblog', ip='0:0:0:0:0:0:0:1', classMethod='com.lily.blog.web.IndexController.newblogs', args=[{}]}
2019-09-28 20:14:21.524  INFO 14108 --- [http-nio-8080-exec-1] com.lily.blog.aspect.LogAspect           : Result : _fragments :: newblogList
2019-09-28 20:15:19.086  INFO 6608 --- [main] com.lily.blog.BlogApplicationTests       : Starting BlogApplicationTests on DESKTOP-4426Q0S with PID 6608 (started by Lily in F:\ÏîÄ¿ÊµÕ½\MyBlog-master)
2019-09-28 20:15:19.090  INFO 6608 --- [main] com.lily.blog.BlogApplicationTests       : The following profiles are active: pro
2019-09-28 20:15:35.670  WARN 6608 --- [main] aWebConfiguration$JpaWebMvcConfiguration : spring.jpa.open-in-view is enabled by default. Therefore, database queries may be performed during view rendering. Explicitly configure spring.jpa.open-in-view to disable this warning
2019-09-28 20:15:36.097  WARN 6608 --- [main] org.thymeleaf.templatemode.TemplateMode  : [THYMELEAF][main] Unknown Template Mode 'LEGANCYHTML5'. Must be one of: 'HTML', 'XML', 'TEXT', 'JAVASCRIPT', 'CSS', 'RAW'. Using default Template Mode 'HTML'.
2019-09-28 20:15:37.236  INFO 6608 --- [main] com.lily.blog.BlogApplicationTests       : Started BlogApplicationTests in 19.141 seconds (JVM running for 21.418)
2019-09-28 20:32:13.948  INFO 12492 --- [restartedMain] com.lily.blog.BlogApplication            : Starting BlogApplication on DESKTOP-4426Q0S with PID 12492 (started by Lily in F:\é¡¹ç›®å®žæˆ˜\MyBlog-master)
2019-09-28 20:32:13.951  INFO 12492 --- [restartedMain] com.lily.blog.BlogApplication            : The following profiles are active: pro
2019-09-28 20:32:22.185  WARN 12492 --- [restartedMain] aWebConfiguration$JpaWebMvcConfiguration : spring.jpa.open-in-view is enabled by default. Therefore, database queries may be performed during view rendering. Explicitly configure spring.jpa.open-in-view to disable this warning
2019-09-28 20:32:22.353  WARN 12492 --- [restartedMain] org.thymeleaf.templatemode.TemplateMode  : [THYMELEAF][restartedMain] Unknown Template Mode 'LEGANCYHTML5'. Must be one of: 'HTML', 'XML', 'TEXT', 'JAVASCRIPT', 'CSS', 'RAW'. Using default Template Mode 'HTML'.
2019-09-28 20:32:23.290  INFO 12492 --- [restartedMain] com.lily.blog.BlogApplication            : Started BlogApplication in 9.939 seconds (JVM running for 11.414)
2019-09-28 20:33:12.059  INFO 12492 --- [http-nio-8080-exec-1] com.lily.blog.aspect.LogAspect           : Request : {url='http://localhost:8080/', ip='0:0:0:0:0:0:0:1', classMethod='com.lily.blog.web.IndexController.index', args=[Page request [number: 0, size 8, sort: createTime: DESC], {}]}
2019-09-28 20:33:13.095  WARN 12492 --- [http-nio-8080-exec-1] org.hibernate.orm.deprecation            : HHH90000016: Found use of deprecated 'collection property' syntax in HQL/JPQL query [t.blogs.size]; use collection function syntax instead [size(t.blogs)].
2019-09-28 20:33:13.205  WARN 12492 --- [http-nio-8080-exec-1] org.hibernate.orm.deprecation            : HHH90000016: Found use of deprecated 'collection property' syntax in HQL/JPQL query [t.blogs.size]; use collection function syntax instead [size(t.blogs)].
2019-09-28 20:33:13.427  INFO 12492 --- [http-nio-8080-exec-1] com.lily.blog.aspect.LogAspect           : Result : index
2019-09-28 20:33:15.566  INFO 12492 --- [http-nio-8080-exec-8] com.lily.blog.aspect.LogAspect           : Request : {url='http://localhost:8080/footer/newblog', ip='0:0:0:0:0:0:0:1', classMethod='com.lily.blog.web.IndexController.newblogs', args=[{}]}
2019-09-28 20:33:15.851  INFO 12492 --- [http-nio-8080-exec-8] com.lily.blog.aspect.LogAspect           : Result : _fragments :: newblogList
2019-09-28 20:33:19.782  INFO 12492 --- [http-nio-8080-exec-1] com.lily.blog.aspect.LogAspect           : Request : {url='http://localhost:8080/blog/60', ip='0:0:0:0:0:0:0:1', classMethod='com.lily.blog.web.IndexController.blog', args=[60, {}]}
2019-09-28 20:33:20.186  INFO 12492 --- [http-nio-8080-exec-1] com.lily.blog.aspect.LogAspect           : Result : blog
2019-09-28 20:33:21.010  INFO 12492 --- [http-nio-8080-exec-4] com.lily.blog.aspect.LogAspect           : Request : {url='http://localhost:8080/footer/newblog', ip='0:0:0:0:0:0:0:1', classMethod='com.lily.blog.web.IndexController.newblogs', args=[{}]}
2019-09-28 20:33:21.268  INFO 12492 --- [http-nio-8080-exec-9] com.lily.blog.aspect.LogAspect           : Request : {url='http://localhost:8080/comments/60', ip='0:0:0:0:0:0:0:1', classMethod='com.lily.blog.web.CommentController.commentList', args=[60, {}]}
2019-09-28 20:33:21.351  INFO 12492 --- [http-nio-8080-exec-4] com.lily.blog.aspect.LogAspect           : Result : _fragments :: newblogList
2019-09-28 20:33:21.431  INFO 12492 --- [http-nio-8080-exec-9] com.lily.blog.aspect.LogAspect           : Result : blog :: commentList
2019-09-28 20:33:30.154  INFO 12492 --- [http-nio-8080-exec-3] com.lily.blog.aspect.LogAspect           : Request : {url='http://localhost:8080/sxblog/60/2', ip='0:0:0:0:0:0:0:1', classMethod='com.lily.blog.web.IndexController.ShangXia', args=[60, 2]}
2019-09-28 20:33:30.564  INFO 12492 --- [http-nio-8080-exec-3] com.lily.blog.aspect.LogAspect           : Result : redirect:/blog/73
2019-09-28 20:33:30.625  INFO 12492 --- [http-nio-8080-exec-6] com.lily.blog.aspect.LogAspect           : Request : {url='http://localhost:8080/blog/73', ip='0:0:0:0:0:0:0:1', classMethod='com.lily.blog.web.IndexController.blog', args=[73, {}]}
2019-09-28 20:33:30.900  INFO 12492 --- [http-nio-8080-exec-6] com.lily.blog.aspect.LogAspect           : Result : blog
2019-09-28 20:33:31.389  INFO 12492 --- [http-nio-8080-exec-3] com.lily.blog.aspect.LogAspect           : Request : {url='http://localhost:8080/footer/newblog', ip='0:0:0:0:0:0:0:1', classMethod='com.lily.blog.web.IndexController.newblogs', args=[{}]}
2019-09-28 20:33:31.620  INFO 12492 --- [http-nio-8080-exec-3] com.lily.blog.aspect.LogAspect           : Result : _fragments :: newblogList
2019-09-28 21:41:03.141  INFO 6128 --- [restartedMain] com.lily.blog.BlogApplication            : Starting BlogApplication on DESKTOP-4426Q0S with PID 6128 (started by Lily in F:\é¡¹ç›®å®žæˆ˜\MyBlog-master)
2019-09-28 21:41:03.158  INFO 6128 --- [restartedMain] com.lily.blog.BlogApplication            : The following profiles are active: pro
2019-09-28 21:41:11.426  WARN 6128 --- [restartedMain] aWebConfiguration$JpaWebMvcConfiguration : spring.jpa.open-in-view is enabled by default. Therefore, database queries may be performed during view rendering. Explicitly configure spring.jpa.open-in-view to disable this warning
2019-09-28 21:41:11.571  WARN 6128 --- [restartedMain] org.thymeleaf.templatemode.TemplateMode  : [THYMELEAF][restartedMain] Unknown Template Mode 'LEGANCYHTML5'. Must be one of: 'HTML', 'XML', 'TEXT', 'JAVASCRIPT', 'CSS', 'RAW'. Using default Template Mode 'HTML'.
2019-09-28 21:41:12.291  INFO 6128 --- [restartedMain] com.lily.blog.BlogApplication            : Started BlogApplication in 9.803 seconds (JVM running for 11.55)
2019-09-28 21:41:29.367  INFO 6128 --- [http-nio-8080-exec-1] com.lily.blog.aspect.LogAspect           : Request : {url='http://localhost:8080/', ip='0:0:0:0:0:0:0:1', classMethod='com.lily.blog.web.IndexController.index', args=[Page request [number: 0, size 8, sort: createTime: DESC], {}]}
2019-09-28 21:41:30.146  WARN 6128 --- [http-nio-8080-exec-1] org.hibernate.orm.deprecation            : HHH90000016: Found use of deprecated 'collection property' syntax in HQL/JPQL query [t.blogs.size]; use collection function syntax instead [size(t.blogs)].
2019-09-28 21:41:30.225  WARN 6128 --- [http-nio-8080-exec-1] org.hibernate.orm.deprecation            : HHH90000016: Found use of deprecated 'collection property' syntax in HQL/JPQL query [t.blogs.size]; use collection function syntax instead [size(t.blogs)].
2019-09-28 21:41:30.397  INFO 6128 --- [http-nio-8080-exec-1] com.lily.blog.aspect.LogAspect           : Result : index
2019-09-28 21:41:32.144  INFO 6128 --- [http-nio-8080-exec-7] com.lily.blog.aspect.LogAspect           : Request : {url='http://localhost:8080/footer/newblog', ip='0:0:0:0:0:0:0:1', classMethod='com.lily.blog.web.IndexController.newblogs', args=[{}]}
2019-09-28 21:41:32.370  INFO 6128 --- [http-nio-8080-exec-7] com.lily.blog.aspect.LogAspect           : Result : _fragments :: newblogList
2019-09-28 21:41:32.502  INFO 6128 --- [http-nio-8080-exec-5] com.lily.blog.aspect.LogAspect           : Request : {url='http://localhost:8080/archives', ip='0:0:0:0:0:0:0:1', classMethod='com.lily.blog.web.ArchiveShowController.archives', args=[{}]}
2019-09-28 21:41:33.302  INFO 6128 --- [http-nio-8080-exec-5] com.lily.blog.aspect.LogAspect           : Result : archives
2019-09-28 21:41:33.651  INFO 6128 --- [http-nio-8080-exec-8] com.lily.blog.aspect.LogAspect           : Request : {url='http://localhost:8080/footer/newblog', ip='0:0:0:0:0:0:0:1', classMethod='com.lily.blog.web.IndexController.newblogs', args=[{}]}
2019-09-28 21:41:33.877  INFO 6128 --- [http-nio-8080-exec-8] com.lily.blog.aspect.LogAspect           : Result : _fragments :: newblogList
2019-09-28 21:42:27.139  INFO 11604 --- [restartedMain] com.lily.blog.BlogApplication            : Starting BlogApplication on DESKTOP-4426Q0S with PID 11604 (started by Lily in F:\é¡¹ç›®å®žæˆ˜\MyBlog-master)
2019-09-28 21:42:27.144  INFO 11604 --- [restartedMain] com.lily.blog.BlogApplication            : The following profiles are active: pro
2019-09-28 21:42:33.460  WARN 11604 --- [restartedMain] aWebConfiguration$JpaWebMvcConfiguration : spring.jpa.open-in-view is enabled by default. Therefore, database queries may be performed during view rendering. Explicitly configure spring.jpa.open-in-view to disable this warning
2019-09-28 21:42:33.594  WARN 11604 --- [restartedMain] org.thymeleaf.templatemode.TemplateMode  : [THYMELEAF][restartedMain] Unknown Template Mode 'LEGANCYHTML5'. Must be one of: 'HTML', 'XML', 'TEXT', 'JAVASCRIPT', 'CSS', 'RAW'. Using default Template Mode 'HTML'.
2019-09-28 21:42:34.063  INFO 11604 --- [restartedMain] com.lily.blog.BlogApplication            : Started BlogApplication in 7.491 seconds (JVM running for 8.976)
2019-09-28 21:42:45.886  INFO 11604 --- [http-nio-8080-exec-1] com.lily.blog.aspect.LogAspect           : Request : {url='http://localhost:8080/blog/73', ip='0:0:0:0:0:0:0:1', classMethod='com.lily.blog.web.IndexController.blog', args=[73, {}]}
2019-09-28 21:42:45.947  INFO 11604 --- [http-nio-8080-exec-2] com.lily.blog.aspect.LogAspect           : Request : {url='http://localhost:8080/blog/73', ip='0:0:0:0:0:0:0:1', classMethod='com.lily.blog.web.IndexController.blog', args=[73, {}]}
2019-09-28 21:42:46.543  INFO 11604 --- [http-nio-8080-exec-1] com.lily.blog.aspect.LogAspect           : Result : blog
2019-09-28 21:42:46.759  INFO 11604 --- [http-nio-8080-exec-2] com.lily.blog.aspect.LogAspect           : Result : blog
2019-09-28 21:42:47.460  INFO 11604 --- [http-nio-8080-exec-1] com.lily.blog.aspect.LogAspect           : Request : {url='http://localhost:8080/archives', ip='0:0:0:0:0:0:0:1', classMethod='com.lily.blog.web.ArchiveShowController.archives', args=[{}]}
2019-09-28 21:42:47.468  INFO 11604 --- [http-nio-8080-exec-7] com.lily.blog.aspect.LogAspect           : Request : {url='http://localhost:8080/footer/newblog', ip='0:0:0:0:0:0:0:1', classMethod='com.lily.blog.web.IndexController.newblogs', args=[{}]}
2019-09-28 21:42:47.788  INFO 11604 --- [http-nio-8080-exec-7] com.lily.blog.aspect.LogAspect           : Result : _fragments :: newblogList
2019-09-28 21:42:48.259  INFO 11604 --- [http-nio-8080-exec-1] com.lily.blog.aspect.LogAspect           : Result : archives
2019-09-28 21:42:48.681  INFO 11604 --- [http-nio-8080-exec-7] com.lily.blog.aspect.LogAspect           : Request : {url='http://localhost:8080/footer/newblog', ip='0:0:0:0:0:0:0:1', classMethod='com.lily.blog.web.IndexController.newblogs', args=[{}]}
2019-09-28 21:42:48.908  INFO 11604 --- [http-nio-8080-exec-7] com.lily.blog.aspect.LogAspect           : Result : _fragments :: newblogList
2019-09-28 21:43:43.145  INFO 11604 --- [http-nio-8080-exec-10] com.lily.blog.aspect.LogAspect           : Request : {url='http://localhost:8080/', ip='0:0:0:0:0:0:0:1', classMethod='com.lily.blog.web.IndexController.index', args=[Page request [number: 0, size 8, sort: createTime: DESC], {}]}
2019-09-28 21:43:43.829  WARN 11604 --- [http-nio-8080-exec-10] org.hibernate.orm.deprecation            : HHH90000016: Found use of deprecated 'collection property' syntax in HQL/JPQL query [t.blogs.size]; use collection function syntax instead [size(t.blogs)].
2019-09-28 21:43:43.895  WARN 11604 --- [http-nio-8080-exec-10] org.hibernate.orm.deprecation            : HHH90000016: Found use of deprecated 'collection property' syntax in HQL/JPQL query [t.blogs.size]; use collection function syntax instead [size(t.blogs)].
2019-09-28 21:43:44.067  INFO 11604 --- [http-nio-8080-exec-10] com.lily.blog.aspect.LogAspect           : Result : index
2019-09-28 21:43:45.223  INFO 11604 --- [http-nio-8080-exec-3] com.lily.blog.aspect.LogAspect           : Request : {url='http://localhost:8080/footer/newblog', ip='0:0:0:0:0:0:0:1', classMethod='com.lily.blog.web.IndexController.newblogs', args=[{}]}
2019-09-28 21:43:45.455  INFO 11604 --- [http-nio-8080-exec-3] com.lily.blog.aspect.LogAspect           : Result : _fragments :: newblogList
2019-09-28 21:44:03.692  INFO 6028 --- [main] com.lily.blog.BlogApplicationTests       : Starting BlogApplicationTests on DESKTOP-4426Q0S with PID 6028 (started by Lily in F:\ÏîÄ¿ÊµÕ½\MyBlog-master)
2019-09-28 21:44:03.694  INFO 6028 --- [main] com.lily.blog.BlogApplicationTests       : The following profiles are active: pro
2019-09-28 21:44:11.928  WARN 6028 --- [main] aWebConfiguration$JpaWebMvcConfiguration : spring.jpa.open-in-view is enabled by default. Therefore, database queries may be performed during view rendering. Explicitly configure spring.jpa.open-in-view to disable this warning
2019-09-28 21:44:12.175  WARN 6028 --- [main] org.thymeleaf.templatemode.TemplateMode  : [THYMELEAF][main] Unknown Template Mode 'LEGANCYHTML5'. Must be one of: 'HTML', 'XML', 'TEXT', 'JAVASCRIPT', 'CSS', 'RAW'. Using default Template Mode 'HTML'.
2019-09-28 21:44:12.755  INFO 6028 --- [main] com.lily.blog.BlogApplicationTests       : Started BlogApplicationTests in 9.6 seconds (JVM running for 10.593)
